[debug] [2021-05-24T11:40:40.865Z] ----------------------------------------------------------------------
[debug] [2021-05-24T11:40:40.867Z] Command:       /usr/local/bin/node /usr/local/bin/firebase use --add
[debug] [2021-05-24T11:40:40.868Z] CLI Version:   9.11.0
[debug] [2021-05-24T11:40:40.868Z] Platform:      darwin
[debug] [2021-05-24T11:40:40.868Z] Node Version:  v10.16.2
[debug] [2021-05-24T11:40:40.869Z] Time:          Mon May 24 2021 13:40:40 GMT+0200 (Central European Summer Time)
[debug] [2021-05-24T11:40:40.869Z] ----------------------------------------------------------------------
[debug] 
[debug] [2021-05-24T11:40:40.877Z] > command requires scopes: ["email","openid","https://www.googleapis.com/auth/cloudplatformprojects.readonly","https://www.googleapis.com/auth/firebase","https://www.googleapis.com/auth/cloud-platform"]
[debug] [2021-05-24T11:40:40.877Z] > authorizing via signed-in user (fendeg@gmail.com)
[debug] [2021-05-24T11:40:40.881Z] > refreshing access token with scopes: []
[debug] [2021-05-24T11:40:40.882Z] >>> HTTP REQUEST POST https://www.googleapis.com/oauth2/v3/token  
 <request body omitted>
[debug] [2021-05-24T11:40:41.001Z] <<< HTTP RESPONSE 400 {"cache-control":"no-cache, no-store, max-age=0, must-revalidate","expires":"Mon, 01 Jan 1990 00:00:00 GMT","date":"Mon, 24 May 2021 11:40:40 GMT","pragma":"no-cache","content-type":"application/json; charset=utf-8","vary":"X-Origin, Referer, Origin,Accept-Encoding","server":"scaffolding on HTTPServer2","x-xss-protection":"0","x-frame-options":"SAMEORIGIN","x-content-type-options":"nosniff","alt-svc":"h3-29=\":443\"; ma=2592000,h3-T051=\":443\"; ma=2592000,h3-Q050=\":443\"; ma=2592000,h3-Q046=\":443\"; ma=2592000,h3-Q043=\":443\"; ma=2592000,quic=\":443\"; ma=2592000; v=\"46,43\"","accept-ranges":"none","transfer-encoding":"chunked"}
[debug] [2021-05-24T11:40:41.005Z] >>> [apiv2][query] GET https://firebase.googleapis.com/v1beta1/projects pageSize=1000
[debug] [2021-05-24T11:40:41.127Z] <<< [apiv2][status] GET https://firebase.googleapis.com/v1beta1/projects 401
[debug] [2021-05-24T11:40:41.127Z] <<< [apiv2][body] GET https://firebase.googleapis.com/v1beta1/projects [omitted]
[debug] [2021-05-24T11:40:41.128Z] HTTP Error: 401, Request had invalid authentication credentials. Expected OAuth 2 access token, login cookie or other valid authentication credential. See https://developers.google.com/identity/sign-in/web/devconsole-project.
[debug] [2021-05-24T11:40:41.233Z] FirebaseError: HTTP Error: 401, Request had invalid authentication credentials. Expected OAuth 2 access token, login cookie or other valid authentication credential. See https://developers.google.com/identity/sign-in/web/devconsole-project.
    at module.exports (/usr/local/lib/node_modules/firebase-tools/lib/responseToError.js:38:12)
    at Client.doRequest (/usr/local/lib/node_modules/firebase-tools/lib/apiv2.js:238:23)
    at process._tickCallback (internal/process/next_tick.js:68:7)
[error] 
[error] Error: Failed to list Firebase projects. See firebase-debug.log for more info.
